Updating Subscription Management repositories.
Last metadata expiration check: 0:05:18 ago on Sat May  7 08:31:31 2022.
Dependencies resolved.
================================================================================
 Package           Architecture     Version             Repository         Size
================================================================================
Enabling module streams:
 389-ds                             1.4                                        

Transaction Summary
================================================================================

Complete!
Failed to set locale, defaulting to C.UTF-8
Updating Subscription Management repositories.
Last metadata expiration check: 0:05:22 ago on Sat May  7 08:31:31 2022.
Dependencies resolved.
===================================================================================================================
 Package                        Arch    Version                                   Repository                   Size
===================================================================================================================
Installing:
 389-ds-base                    x86_64  1.4.3.16-19.module+el8.4.0+11894+f5bb5c43 rhel-8-appstream-rhui-rpms  1.8 M
 389-ds-base-legacy-tools       x86_64  1.4.3.16-19.module+el8.4.0+11894+f5bb5c43 rhel-8-appstream-rhui-rpms  287 k
 expect                         x86_64  5.45.4-5.el8                              rhel-8-baseos-rhui-rpms     267 k
Installing dependencies:
 389-ds-base-libs               x86_64  1.4.3.16-19.module+el8.4.0+11894+f5bb5c43 rhel-8-appstream-rhui-rpms  852 k
 bind-libs                      x86_64  32:9.11.26-4.el8_4                        rhel-8-appstream-rhui-rpms  174 k
 bind-libs-lite                 x86_64  32:9.11.26-4.el8_4                        rhel-8-appstream-rhui-rpms  1.2 M
 bind-license                   noarch  32:9.11.26-4.el8_4                        rhel-8-appstream-rhui-rpms  102 k
 bind-utils                     x86_64  32:9.11.26-4.el8_4                        rhel-8-appstream-rhui-rpms  451 k
 cyrus-sasl-gssapi              x86_64  2.1.27-5.el8                              rhel-8-baseos-rhui-rpms      50 k
 cyrus-sasl-md5                 x86_64  2.1.27-5.el8                              rhel-8-baseos-rhui-rpms      66 k
 cyrus-sasl-plain               x86_64  2.1.27-5.el8                              rhel-8-baseos-rhui-rpms      47 k
 fstrm                          x86_64  0.6.0-3.el8.1                             rhel-8-appstream-rhui-rpms   29 k
 libicu                         x86_64  60.3-2.el8_1                              rhel-8-baseos-rhui-rpms     8.8 M
 nspr                           x86_64  4.32.0-1.el8_4                            rhel-8-appstream-rhui-rpms  142 k
 nss                            x86_64  3.67.0-6.el8_4                            rhel-8-appstream-rhui-rpms  741 k
 nss-softokn                    x86_64  3.67.0-6.el8_4                            rhel-8-appstream-rhui-rpms  487 k
 nss-softokn-freebl             x86_64  3.67.0-6.el8_4                            rhel-8-appstream-rhui-rpms  395 k
 nss-sysinit                    x86_64  3.67.0-6.el8_4                            rhel-8-appstream-rhui-rpms   73 k
 nss-tools                      x86_64  3.67.0-6.el8_4                            rhel-8-appstream-rhui-rpms  576 k
 nss-util                       x86_64  3.67.0-6.el8_4                            rhel-8-appstream-rhui-rpms  137 k
 openldap-clients               x86_64  2.4.46-17.el8_4                           rhel-8-baseos-rhui-rpms     202 k
 openssl-perl                   x86_64  1:1.1.1g-15.el8_3                         rhel-8-baseos-rhui-rpms      80 k
 perl-Algorithm-Diff            noarch  1.1903-9.el8                              rhel-8-appstream-rhui-rpms   52 k
 perl-Archive-Tar               noarch  2.30-1.el8                                rhel-8-appstream-rhui-rpms   79 k
 perl-Compress-Raw-Bzip2        x86_64  2.081-1.el8                               rhel-8-appstream-rhui-rpms   41 k
 perl-Compress-Raw-Zlib         x86_64  2.081-1.el8                               rhel-8-appstream-rhui-rpms   68 k
 perl-DB_File                   x86_64  1.842-1.el8                               rhel-8-appstream-rhui-rpms   83 k
 perl-IO-Compress               noarch  2.081-1.el8                               rhel-8-appstream-rhui-rpms  258 k
 perl-IO-Zlib                   noarch  1:1.10-419.el8_4.1                        rhel-8-baseos-rhui-rpms      80 k
 perl-Math-BigInt               noarch  1:1.9998.11-7.el8                         rhel-8-baseos-rhui-rpms     196 k
 perl-Math-Complex              noarch  1.59-419.el8_4.1                          rhel-8-baseos-rhui-rpms     109 k
 perl-Mozilla-LDAP              x86_64  1.5.3-25.el8                              rhel-8-appstream-rhui-rpms  151 k
 perl-NetAddr-IP                x86_64  4.079-7.el8                               rhel-8-appstream-rhui-rpms  132 k
 perl-Socket6                   x86_64  0.28-6.el8                                rhel-8-appstream-rhui-rpms   36 k
 perl-Text-Diff                 noarch  1.45-2.el8                                rhel-8-appstream-rhui-rpms   45 k
 policycoreutils-python-utils   noarch  2.9-14.el8                                rhel-8-baseos-rhui-rpms     252 k
 protobuf-c                     x86_64  1.3.0-6.el8                               rhel-8-appstream-rhui-rpms   37 k
 python3-argcomplete            noarch  1.9.3-6.el8                               rhel-8-appstream-rhui-rpms   60 k
 python3-bind                   noarch  32:9.11.26-4.el8_4                        rhel-8-appstream-rhui-rpms  149 k
 python3-distro                 noarch  1.4.0-2.module+el8.1.0+3334+5cb623d7      rhel-8-appstream-rhui-rpms   37 k
 python3-ldap                   x86_64  3.3.1-1.1.el8_4                           rhel-8-appstream-rhui-rpms  230 k
 python3-lib389                 noarch  1.4.3.16-19.module+el8.4.0+11894+f5bb5c43 rhel-8-appstream-rhui-rpms  899 k
 python3-pyasn1                 noarch  0.3.7-6.el8                               rhel-8-appstream-rhui-rpms  126 k
 python3-pyasn1-modules         noarch  0.3.7-6.el8                               rhel-8-appstream-rhui-rpms  110 k
 tcl                            x86_64  1:8.6.8-2.el8                             rhel-8-baseos-rhui-rpms     1.1 M
Installing weak dependencies:
 bash-completion                noarch  1:2.7-5.el8                               rhel-8-baseos-rhui-rpms     274 k

Transaction Summary
===================================================================================================================
Install  46 Packages

Total download size: 21 M
Installed size: 69 M
Downloading Packages:
(1/46): perl-Compress-Raw-Bzip2-2.081-1.el8.x86 1.2 MB/s |  41 kB     00:00    
(2/46): python3-distro-1.4.0-2.module+el8.1.0+3 997 kB/s |  37 kB     00:00    
(3/46): python3-argcomplete-1.9.3-6.el8.noarch. 1.4 MB/s |  60 kB     00:00    
(4/46): perl-Text-Diff-1.45-2.el8.noarch.rpm    2.7 MB/s |  45 kB     00:00    
(5/46): perl-IO-Compress-2.081-1.el8.noarch.rpm  11 MB/s | 258 kB     00:00    
(6/46): perl-DB_File-1.842-1.el8.x86_64.rpm     4.5 MB/s |  83 kB     00:00    
(7/46): perl-Compress-Raw-Zlib-2.081-1.el8.x86_ 4.3 MB/s |  68 kB     00:00    
(8/46): perl-NetAddr-IP-4.079-7.el8.x86_64.rpm  5.4 MB/s | 132 kB     00:00    
(9/46): perl-Mozilla-LDAP-1.5.3-25.el8.x86_64.r 7.5 MB/s | 151 kB     00:00    
(10/46): python3-pyasn1-0.3.7-6.el8.noarch.rpm  7.5 MB/s | 126 kB     00:00    
(11/46): perl-Socket6-0.28-6.el8.x86_64.rpm     2.3 MB/s |  36 kB     00:00    
(12/46): perl-Archive-Tar-2.30-1.el8.noarch.rpm 4.1 MB/s |  79 kB     00:00    
(13/46): perl-Algorithm-Diff-1.1903-9.el8.noarc 2.8 MB/s |  52 kB     00:00    
(14/46): python3-pyasn1-modules-0.3.7-6.el8.noa 5.6 MB/s | 110 kB     00:00    
(15/46): fstrm-0.6.0-3.el8.1.x86_64.rpm         1.5 MB/s |  29 kB     00:00    
(16/46): protobuf-c-1.3.0-6.el8.x86_64.rpm      1.9 MB/s |  37 kB     00:00    
(17/46): bind-libs-9.11.26-4.el8_4.x86_64.rpm   8.1 MB/s | 174 kB     00:00    
(18/46): nss-3.67.0-6.el8_4.x86_64.rpm           27 MB/s | 741 kB     00:00    
(19/46): python3-lib389-1.4.3.16-19.module+el8.  24 MB/s | 899 kB     00:00    
(20/46): nss-tools-3.67.0-6.el8_4.x86_64.rpm     22 MB/s | 576 kB     00:00    
(21/46): 389-ds-base-1.4.3.16-19.module+el8.4.0  41 MB/s | 1.8 MB     00:00    
(22/46): nspr-4.32.0-1.el8_4.x86_64.rpm         8.8 MB/s | 142 kB     00:00    
(23/46): 389-ds-base-libs-1.4.3.16-19.module+el  44 MB/s | 852 kB     00:00    
(24/46): python3-ldap-3.3.1-1.1.el8_4.x86_64.rp  15 MB/s | 230 kB     00:00    
(25/46): 389-ds-base-legacy-tools-1.4.3.16-19.m  14 MB/s | 287 kB     00:00    
(26/46): bind-utils-9.11.26-4.el8_4.x86_64.rpm   22 MB/s | 451 kB     00:00    
(27/46): nss-sysinit-3.67.0-6.el8_4.x86_64.rpm  3.9 MB/s |  73 kB     00:00    
(28/46): bind-license-9.11.26-4.el8_4.noarch.rp 6.1 MB/s | 102 kB     00:00    
(29/46): nss-softokn-freebl-3.67.0-6.el8_4.x86_  22 MB/s | 395 kB     00:00    
(30/46): nss-util-3.67.0-6.el8_4.x86_64.rpm     7.2 MB/s | 137 kB     00:00    
(31/46): python3-bind-9.11.26-4.el8_4.noarch.rp 7.5 MB/s | 149 kB     00:00    
(32/46): nss-softokn-3.67.0-6.el8_4.x86_64.rpm   25 MB/s | 487 kB     00:00    
(33/46): openssl-perl-1.1.1g-15.el8_3.x86_64.rp 3.9 MB/s |  80 kB     00:00    
(34/46): bind-libs-lite-9.11.26-4.el8_4.x86_64.  38 MB/s | 1.2 MB     00:00    
(35/46): cyrus-sasl-md5-2.1.27-5.el8.x86_64.rpm 3.0 MB/s |  66 kB     00:00    
(36/46): cyrus-sasl-gssapi-2.1.27-5.el8.x86_64. 3.0 MB/s |  50 kB     00:00    
(37/46): cyrus-sasl-plain-2.1.27-5.el8.x86_64.r 1.8 MB/s |  47 kB     00:00    
(38/46): expect-5.45.4-5.el8.x86_64.rpm          12 MB/s | 267 kB     00:00    
(39/46): tcl-8.6.8-2.el8.x86_64.rpm              37 MB/s | 1.1 MB     00:00    
(40/46): perl-Math-BigInt-1.9998.11-7.el8.noarc  12 MB/s | 196 kB     00:00    
(41/46): bash-completion-2.7-5.el8.noarch.rpm    11 MB/s | 274 kB     00:00    
(42/46): policycoreutils-python-utils-2.9-14.el  14 MB/s | 252 kB     00:00    
(43/46): perl-IO-Zlib-1.10-419.el8_4.1.noarch.r 5.2 MB/s |  80 kB     00:00    
(44/46): perl-Math-Complex-1.59-419.el8_4.1.noa 7.7 MB/s | 109 kB     00:00    
(45/46): openldap-clients-2.4.46-17.el8_4.x86_6  13 MB/s | 202 kB     00:00    
(46/46): libicu-60.3-2.el8_1.x86_64.rpm          95 MB/s | 8.8 MB     00:00    
--------------------------------------------------------------------------------
Total                                            33 MB/s |  21 MB     00:00     
Running transaction check
Transaction check succeeded.
Running transaction test
Transaction test succeeded.
Running transaction
  Preparing        :                                                        1/1 
  Installing       : nspr-4.32.0-1.el8_4.x86_64                            1/46 
  Running scriptlet: nspr-4.32.0-1.el8_4.x86_64                            1/46 
  Installing       : nss-util-3.67.0-6.el8_4.x86_64                        2/46 
  Installing       : bind-license-32:9.11.26-4.el8_4.noarch                3/46 
  Installing       : protobuf-c-1.3.0-6.el8.x86_64                         4/46 
  Installing       : fstrm-0.6.0-3.el8.1.x86_64                            5/46 
  Installing       : python3-pyasn1-0.3.7-6.el8.noarch                     6/46 
  Installing       : python3-pyasn1-modules-0.3.7-6.el8.noarch             7/46 
  Installing       : python3-ldap-3.3.1-1.1.el8_4.x86_64                   8/46 
  Installing       : bind-libs-lite-32:9.11.26-4.el8_4.x86_64              9/46 
  Installing       : bind-libs-32:9.11.26-4.el8_4.x86_64                  10/46 
  Installing       : python3-bind-32:9.11.26-4.el8_4.noarch               11/46 
  Installing       : bind-utils-32:9.11.26-4.el8_4.x86_64                 12/46 
  Installing       : nss-softokn-freebl-3.67.0-6.el8_4.x86_64             13/46 
  Installing       : nss-softokn-3.67.0-6.el8_4.x86_64                    14/46 
  Installing       : nss-sysinit-3.67.0-6.el8_4.x86_64                    15/46 
  Installing       : nss-3.67.0-6.el8_4.x86_64                            16/46 
  Installing       : 389-ds-base-libs-1.4.3.16-19.module+el8.4.0+11894+   17/46 
  Installing       : perl-Mozilla-LDAP-1.5.3-25.el8.x86_64                18/46 
  Installing       : nss-tools-3.67.0-6.el8_4.x86_64                      19/46 
  Installing       : openldap-clients-2.4.46-17.el8_4.x86_64              20/46 
  Installing       : perl-Math-Complex-1.59-419.el8_4.1.noarch            21/46 
  Installing       : perl-Math-BigInt-1:1.9998.11-7.el8.noarch            22/46 
  Installing       : policycoreutils-python-utils-2.9-14.el8.noarch       23/46 
  Installing       : bash-completion-1:2.7-5.el8.noarch                   24/46 
  Installing       : libicu-60.3-2.el8_1.x86_64                           25/46 
  Running scriptlet: libicu-60.3-2.el8_1.x86_64                           25/46 
  Installing       : tcl-1:8.6.8-2.el8.x86_64                             26/46 
  Running scriptlet: tcl-1:8.6.8-2.el8.x86_64                             26/46 
  Installing       : cyrus-sasl-plain-2.1.27-5.el8.x86_64                 27/46 
  Installing       : cyrus-sasl-gssapi-2.1.27-5.el8.x86_64                28/46 
  Installing       : cyrus-sasl-md5-2.1.27-5.el8.x86_64                   29/46 
  Installing       : openssl-perl-1:1.1.1g-15.el8_3.x86_64                30/46 
  Installing       : perl-Algorithm-Diff-1.1903-9.el8.noarch              31/46 
  Installing       : perl-Text-Diff-1.45-2.el8.noarch                     32/46 
  Installing       : perl-Socket6-0.28-6.el8.x86_64                       33/46 
  Installing       : perl-NetAddr-IP-4.079-7.el8.x86_64                   34/46 
  Installing       : perl-Compress-Raw-Zlib-2.081-1.el8.x86_64            35/46 
  Installing       : perl-DB_File-1.842-1.el8.x86_64                      36/46 
  Installing       : python3-argcomplete-1.9.3-6.el8.noarch               37/46 
  Installing       : perl-Compress-Raw-Bzip2-2.081-1.el8.x86_64           38/46 
  Installing       : perl-IO-Compress-2.081-1.el8.noarch                  39/46 
  Installing       : perl-IO-Zlib-1:1.10-419.el8_4.1.noarch               40/46 
  Installing       : perl-Archive-Tar-2.30-1.el8.noarch                   41/46 
  Installing       : python3-distro-1.4.0-2.module+el8.1.0+3334+5cb623d   42/46 
  Installing       : python3-lib389-1.4.3.16-19.module+el8.4.0+11894+f5   43/46 
  Installing       : 389-ds-base-1.4.3.16-19.module+el8.4.0+11894+f5bb5   44/46 
  Running scriptlet: 389-ds-base-1.4.3.16-19.module+el8.4.0+11894+f5bb5   44/46 
  Installing       : 389-ds-base-legacy-tools-1.4.3.16-19.module+el8.4.   45/46 
  Running scriptlet: 389-ds-base-legacy-tools-1.4.3.16-19.module+el8.4.   45/46 
  Installing       : expect-5.45.4-5.el8.x86_64                           46/46 
  Running scriptlet: nss-3.67.0-6.el8_4.x86_64                            46/46 
  Running scriptlet: expect-5.45.4-5.el8.x86_64                           46/46 
  Verifying        : python3-distro-1.4.0-2.module+el8.1.0+3334+5cb623d    1/46 
  Verifying        : perl-Compress-Raw-Bzip2-2.081-1.el8.x86_64            2/46 
  Verifying        : python3-argcomplete-1.9.3-6.el8.noarch                3/46 
  Verifying        : perl-IO-Compress-2.081-1.el8.noarch                   4/46 
  Verifying        : perl-Text-Diff-1.45-2.el8.noarch                      5/46 
  Verifying        : perl-DB_File-1.842-1.el8.x86_64                       6/46 
  Verifying        : perl-NetAddr-IP-4.079-7.el8.x86_64                    7/46 
  Verifying        : perl-Compress-Raw-Zlib-2.081-1.el8.x86_64             8/46 
  Verifying        : perl-Mozilla-LDAP-1.5.3-25.el8.x86_64                 9/46 
  Verifying        : python3-pyasn1-0.3.7-6.el8.noarch                    10/46 
  Verifying        : perl-Socket6-0.28-6.el8.x86_64                       11/46 
  Verifying        : perl-Archive-Tar-2.30-1.el8.noarch                   12/46 
  Verifying        : perl-Algorithm-Diff-1.1903-9.el8.noarch              13/46 
  Verifying        : python3-pyasn1-modules-0.3.7-6.el8.noarch            14/46 
  Verifying        : fstrm-0.6.0-3.el8.1.x86_64                           15/46 
  Verifying        : protobuf-c-1.3.0-6.el8.x86_64                        16/46 
  Verifying        : bind-libs-32:9.11.26-4.el8_4.x86_64                  17/46 
  Verifying        : nss-3.67.0-6.el8_4.x86_64                            18/46 
  Verifying        : python3-lib389-1.4.3.16-19.module+el8.4.0+11894+f5   19/46 
  Verifying        : 389-ds-base-1.4.3.16-19.module+el8.4.0+11894+f5bb5   20/46 
  Verifying        : nss-tools-3.67.0-6.el8_4.x86_64                      21/46 
  Verifying        : nspr-4.32.0-1.el8_4.x86_64                           22/46 
  Verifying        : 389-ds-base-libs-1.4.3.16-19.module+el8.4.0+11894+   23/46 
  Verifying        : python3-ldap-3.3.1-1.1.el8_4.x86_64                  24/46 
  Verifying        : 389-ds-base-legacy-tools-1.4.3.16-19.module+el8.4.   25/46 
  Verifying        : bind-utils-32:9.11.26-4.el8_4.x86_64                 26/46 
  Verifying        : nss-sysinit-3.67.0-6.el8_4.x86_64                    27/46 
  Verifying        : bind-license-32:9.11.26-4.el8_4.noarch               28/46 
  Verifying        : nss-softokn-freebl-3.67.0-6.el8_4.x86_64             29/46 
  Verifying        : nss-util-3.67.0-6.el8_4.x86_64                       30/46 
  Verifying        : python3-bind-32:9.11.26-4.el8_4.noarch               31/46 
  Verifying        : nss-softokn-3.67.0-6.el8_4.x86_64                    32/46 
  Verifying        : bind-libs-lite-32:9.11.26-4.el8_4.x86_64             33/46 
  Verifying        : openssl-perl-1:1.1.1g-15.el8_3.x86_64                34/46 
  Verifying        : cyrus-sasl-md5-2.1.27-5.el8.x86_64                   35/46 
  Verifying        : cyrus-sasl-gssapi-2.1.27-5.el8.x86_64                36/46 
  Verifying        : cyrus-sasl-plain-2.1.27-5.el8.x86_64                 37/46 
  Verifying        : tcl-1:8.6.8-2.el8.x86_64                             38/46 
  Verifying        : expect-5.45.4-5.el8.x86_64                           39/46 
  Verifying        : libicu-60.3-2.el8_1.x86_64                           40/46 
  Verifying        : perl-Math-BigInt-1:1.9998.11-7.el8.noarch            41/46 
  Verifying        : bash-completion-1:2.7-5.el8.noarch                   42/46 
  Verifying        : policycoreutils-python-utils-2.9-14.el8.noarch       43/46 
  Verifying        : perl-IO-Zlib-1:1.10-419.el8_4.1.noarch               44/46 
  Verifying        : perl-Math-Complex-1.59-419.el8_4.1.noarch            45/46 
  Verifying        : openldap-clients-2.4.46-17.el8_4.x86_64              46/46 
Installed products updated.

Installed:
  389-ds-base-1.4.3.16-19.module+el8.4.0+11894+f5bb5c43.x86_64                  
  389-ds-base-legacy-tools-1.4.3.16-19.module+el8.4.0+11894+f5bb5c43.x86_64     
  389-ds-base-libs-1.4.3.16-19.module+el8.4.0+11894+f5bb5c43.x86_64             
  bash-completion-1:2.7-5.el8.noarch                                            
  bind-libs-32:9.11.26-4.el8_4.x86_64                                           
  bind-libs-lite-32:9.11.26-4.el8_4.x86_64                                      
  bind-license-32:9.11.26-4.el8_4.noarch                                        
  bind-utils-32:9.11.26-4.el8_4.x86_64                                          
  cyrus-sasl-gssapi-2.1.27-5.el8.x86_64                                         
  cyrus-sasl-md5-2.1.27-5.el8.x86_64                                            
  cyrus-sasl-plain-2.1.27-5.el8.x86_64                                          
  expect-5.45.4-5.el8.x86_64                                                    
  fstrm-0.6.0-3.el8.1.x86_64                                                    
  libicu-60.3-2.el8_1.x86_64                                                    
  nspr-4.32.0-1.el8_4.x86_64                                                    
  nss-3.67.0-6.el8_4.x86_64                                                     
  nss-softokn-3.67.0-6.el8_4.x86_64                                             
  nss-softokn-freebl-3.67.0-6.el8_4.x86_64                                      
  nss-sysinit-3.67.0-6.el8_4.x86_64                                             
  nss-tools-3.67.0-6.el8_4.x86_64                                               
  nss-util-3.67.0-6.el8_4.x86_64                                                
  openldap-clients-2.4.46-17.el8_4.x86_64                                       
  openssl-perl-1:1.1.1g-15.el8_3.x86_64                                         
  perl-Algorithm-Diff-1.1903-9.el8.noarch                                       
  perl-Archive-Tar-2.30-1.el8.noarch                                            
  perl-Compress-Raw-Bzip2-2.081-1.el8.x86_64                                    
  perl-Compress-Raw-Zlib-2.081-1.el8.x86_64                                     
  perl-DB_File-1.842-1.el8.x86_64                                               
  perl-IO-Compress-2.081-1.el8.noarch                                           
  perl-IO-Zlib-1:1.10-419.el8_4.1.noarch                                        
  perl-Math-BigInt-1:1.9998.11-7.el8.noarch                                     
  perl-Math-Complex-1.59-419.el8_4.1.noarch                                     
  perl-Mozilla-LDAP-1.5.3-25.el8.x86_64                                         
  perl-NetAddr-IP-4.079-7.el8.x86_64                                            
  perl-Socket6-0.28-6.el8.x86_64                                                
  perl-Text-Diff-1.45-2.el8.noarch                                              
  policycoreutils-python-utils-2.9-14.el8.noarch                                
  protobuf-c-1.3.0-6.el8.x86_64                                                 
  python3-argcomplete-1.9.3-6.el8.noarch                                        
  python3-bind-32:9.11.26-4.el8_4.noarch                                        
  python3-distro-1.4.0-2.module+el8.1.0+3334+5cb623d7.noarch                    
  python3-ldap-3.3.1-1.1.el8_4.x86_64                                           
  python3-lib389-1.4.3.16-19.module+el8.4.0+11894+f5bb5c43.noarch               
  python3-pyasn1-0.3.7-6.el8.noarch                                             
  python3-pyasn1-modules-0.3.7-6.el8.noarch                                     
  tcl-1:8.6.8-2.el8.x86_64                                                      

Complete!
Failed to set locale, defaulting to C.UTF-8
spawn setup-ds.pl
perl: warning: Setting locale failed.
perl: warning: Please check that your locale settings:
	LANGUAGE = (unset),
	LC_ALL = (unset),
	LC_MEASUREMENT = "ja_JP.UTF-8",
	LC_PAPER = "ja_JP.UTF-8",
	LC_MONETARY = "ja_JP.UTF-8",
	LC_NAME = "ja_JP.UTF-8",
	LC_ADDRESS = "ja_JP.UTF-8",
	LC_NUMERIC = "ja_JP.UTF-8",
	LC_TELEPHONE = "ja_JP.UTF-8",
	LC_IDENTIFICATION = "ja_JP.UTF-8",
	LC_TIME = "ja_JP.UTF-8",
	LANG = "en_US.UTF-8"
    are supported and installed on your system.
perl: warning: Falling back to a fallback locale ("en_US.UTF-8").

==============================================================================
This program will set up the 389 Directory Server.

It is recommended that you have "root" privilege to set up the software.
Tips for using this  program:
  - Press "Enter" to choose the default and go to the next screen
  - Type "Control-B" or the word "back" then "Enter" to go back to the previous screen
  - Type "Control-C" to cancel the setup program

Would you like to continue with set up? [yes]: yes

==============================================================================
Choose a setup type:

   1. Express
       Allows you to quickly set up the servers using the most
       common options and pre-defined defaults. Useful for quick
       evaluation of the products.

   2. Typical
       Allows you to specify common defaults and options.

   3. Custom
       Allows you to specify more advanced options. This is 
       recommended for experienced server administrators only.

To accept the default shown in brackets, press the Enter key.

Choose a setup type [2]: 3

==============================================================================
Enter the fully qualified domain name of the computer
on which you're setting up server software. Using the form
<hostname>.<domainname>
Example: eros.example.com.

To accept the default shown in brackets, press the Enter key.

Warning: This step may take a few minutes if your DNS servers
can not be reached or if DNS is not configured correctly.  If
you would rather not wait, hit Ctrl-C and run this program again
with the following command line option to specify the hostname:

    General.FullMachineName=your.hostname.domain.name

Computer name [primary.tuimac.com]: primary.tuimac.com

==============================================================================
The server must run as a specific user in a specific group.
It is strongly recommended that this user should have no privileges
on the computer (i.e. a non-root user).  The setup procedure
will give this user/group some permissions in specific paths/files
to perform server-specific operations.

If you have not yet created a user and group for the server,
create this user and group using your native operating
system utilities.

System User [dirsrv]: 

System Group [dirsrv]: 
==============================================================================
The standard directory server network port number is 389.  However, if
you are not logged as the superuser, or port 389 is in use, the
default value will be a random unused port number greater than 1024.
If you want to use port 389, make sure that you are logged in as the
superuser, that port 389 is not in use.

Directory server network port [389]: 


==============================================================================
Each instance of a directory server requires a unique identifier.
This identifier is used to name the various
instance specific files and directories in the file system,
as well as for other uses as a server instance identifier.

Directory server identifier [primary]: 
==============================================================================
The suffix is the root of your directory tree.  The suffix must be a valid DN.
It is recommended that you use the dc=domaincomponent suffix convention.
For example, if your domain is example.com,
you should use dc=example,dc=com for your suffix.
Setup will create this initial suffix for you,
but you may have more than one suffix.
Use the directory server utilities to create additional suffixes.

Suffix [dc=tuimac, dc=com]: 


==============================================================================
Certain directory server operations require an administrative user.
This user is referred to as the Directory Manager and typically has a
bind Distinguished Name (DN) of cn=Directory Manager.
You will also be prompted for the password for this user.  The password must
be at least 8 characters long, and contain no spaces.
Press Control-B or type the word "back", then Enter to back up and start over.

Directory Manager DN [cn=Directory Manager]: Password: 
The password must be at least 8 characters long.  Please choose another one.

Password: 
The password must be at least 8 characters long.  Please choose another one.

Password: 
The password must be at least 8 characters long.  Please choose another one.

Password: 
The password must be at least 8 characters long.  Please choose another one.

Password: 
The password must be at least 8 characters long.  Please choose another one.

Password: 
The password must be at least 8 characters long.  Please choose another one.

Password: 
Password (confirm): P@ssw0rd


==============================================================================
You may install some sample entries in this directory instance.  These
entries will be installed in a separate suffix and will not interfere
with the normal operation of the directory server.

Do you want to install the sample entries? [no]: 


==============================================================================
You may wish to populate your new directory instance with some data.
"You may already have a file in LDIF format to use or some suggested
entries can be added.  If you want to import entries from an LDIF
file, you may type in the full path and filename at the prompt.  If
you want the setup program to add the suggested entries, type the
word suggest at the prompt.  The suggested entries are common
container entries under your specified suffix, such as ou=People and
ou=Groups, which are commonly used to hold the entries for the persons
and groups in your organization.  If you do not want to add any of
these entries, type the word none at the prompt.

Type the full path and filename, the word suggest, or the word none [suggest]: Your new DS instance 'primary' was successfully created.
Exiting . . .
Log file is '/tmp/setupKFhNs0.log'

send: spawn id exp6 not open
    while executing
"send "\r\n""
certutil -S: trust is required for this command (-t).

Certificate Nickname                                         Trust Attributes
                                                             SSL,S/MIME,JAR/XPI

certutil: Could not find cert: Server-Cert
: PR_FILE_NOT_FOUND_ERROR: File not found
certutil: Could not find cert: Server-Cert
: PR_FILE_NOT_FOUND_ERROR: File not found
selinux is disabled, will not relabel ports or files.
Successfully replaced "nsslapd-securePort"
selinux is disabled, will not relabel ports or files.
Successfully replaced "nsslapd-security"
Created symlink /etc/systemd/system/multi-user.target.wants/dirsrv@primary.service → /usr/lib/systemd/system/dirsrv@.service.
ldap_sasl_bind(SIMPLE): Can't contact LDAP server (-1)
